<?xml version="1.0" encoding="UTF-8"?>
<coverage generated="1575843746845" clover="3.2.0">
  <project timestamp="1575843746846" name="All files">
    <metrics statements="66" coveredstatements="66" conditionals="18" coveredconditionals="18" methods="22" coveredmethods="22" elements="106" coveredelements="106" complexity="0" loc="66" ncloc="66" packages="1" files="4" classes="4"/>
    <file name="CarInsurance.ts" path="/Users/cristopherherrera/Documents/Dev/CO/src/models/CarInsurance.ts">
      <metrics statements="52" coveredstatements="52" conditionals="18" coveredconditionals="18" methods="19" coveredmethods="19"/>
      <line num="1" count="1" type="stmt"/>
      <line num="9" count="1" type="stmt"/>
      <line num="13" count="4" type="stmt"/>
      <line num="14" count="201" type="stmt"/>
      <line num="15" count="266" type="stmt"/>
      <line num="16" count="1" type="stmt"/>
      <line num="17" count="1" type="stmt"/>
      <line num="18" count="131" type="stmt"/>
      <line num="21" count="4" type="stmt"/>
      <line num="22" count="224" type="stmt"/>
      <line num="23" count="1" type="stmt"/>
      <line num="24" count="352" type="stmt"/>
      <line num="25" count="96" type="stmt"/>
      <line num="26" count="256" type="stmt"/>
      <line num="27" count="1" type="stmt"/>
      <line num="31" count="4" type="stmt"/>
      <line num="32" count="4" type="stmt"/>
      <line num="34" count="930" type="stmt"/>
      <line num="36" count="4" type="stmt"/>
      <line num="37" count="306" type="stmt"/>
      <line num="40" count="4" type="stmt"/>
      <line num="41" count="32" type="stmt"/>
      <line num="42" count="288" type="stmt"/>
      <line num="43" count="288" type="stmt"/>
      <line num="44" count="5490" type="stmt"/>
      <line num="46" count="288" type="cond" truecount="2" falsecount="0"/>
      <line num="47" count="224" type="stmt"/>
      <line num="48" count="930" type="cond" truecount="2" falsecount="0"/>
      <line num="49" count="193" type="stmt"/>
      <line num="50" count="193" type="cond" truecount="2" falsecount="0"/>
      <line num="51" count="100" type="cond" truecount="2" falsecount="0"/>
      <line num="52" count="99" type="stmt"/>
      <line num="54" count="100" type="cond" truecount="2" falsecount="0"/>
      <line num="55" count="1" type="stmt"/>
      <line num="59" count="930" type="cond" truecount="2" falsecount="0"/>
      <line num="60" count="737" type="stmt"/>
      <line num="61" count="737" type="cond" truecount="2" falsecount="0"/>
      <line num="62" count="500" type="cond" truecount="2" falsecount="0"/>
      <line num="63" count="276" type="stmt"/>
      <line num="65" count="500" type="cond" truecount="2" falsecount="0"/>
      <line num="66" count="224" type="stmt"/>
      <line num="72" count="288" type="stmt"/>
      <line num="73" count="288" type="stmt"/>
      <line num="74" count="288" type="stmt"/>
      <line num="76" count="32" type="stmt"/>
      <line num="79" count="4" type="stmt"/>
      <line num="80" count="1" type="stmt"/>
      <line num="81" count="1" type="stmt"/>
      <line num="82" count="30" type="stmt"/>
      <line num="83" count="30" type="stmt"/>
      <line num="84" count="30" type="stmt"/>
      <line num="86" count="1" type="stmt"/>
    </file>
    <file name="Effect.ts" path="/Users/cristopherherrera/Documents/Dev/CO/src/models/Effect.ts">
      <metrics statements="4" coveredstatements="4" conditionals="0" coveredconditionals="0" methods="1" coveredmethods="1"/>
      <line num="1" count="3" type="stmt"/>
      <line num="6" count="13" type="stmt"/>
      <line num="7" count="13" type="stmt"/>
      <line num="8" count="13" type="stmt"/>
    </file>
    <file name="Product.ts" path="/Users/cristopherherrera/Documents/Dev/CO/src/models/Product.ts">
      <metrics statements="4" coveredstatements="4" conditionals="0" coveredconditionals="0" methods="1" coveredmethods="1"/>
      <line num="1" count="2" type="stmt"/>
      <line num="6" count="325" type="stmt"/>
      <line num="7" count="325" type="stmt"/>
      <line num="8" count="325" type="stmt"/>
    </file>
    <file name="Rule.ts" path="/Users/cristopherherrera/Documents/Dev/CO/src/models/Rule.ts">
      <metrics statements="6" coveredstatements="6" conditionals="0" coveredconditionals="0" methods="1" coveredmethods="1"/>
      <line num="3" count="2" type="stmt"/>
      <line num="16" count="41" type="stmt"/>
      <line num="17" count="41" type="stmt"/>
      <line num="18" count="41" type="stmt"/>
      <line num="19" count="41" type="stmt"/>
      <line num="20" count="41" type="stmt"/>
    </file>
  </project>
</coverage>
