{"/Users/cristopherherrera/Documents/Dev/CO/src/models/CarInsurance.ts": {"path":"/Users/cristopherherrera/Documents/Dev/CO/src/models/CarInsurance.ts","statementMap":{"0":{"start":{"line":1,"column":0},"end":{"line":1,"column":32}},"1":{"start":{"line":13,"column":4},"end":{"line":19,"column":6}},"2":{"start":{"line":14,"column":49},"end":{"line":14,"column":64}},"3":{"start":{"line":15,"column":49},"end":{"line":15,"column":64}},"4":{"start":{"line":16,"column":49},"end":{"line":16,"column":64}},"5":{"start":{"line":17,"column":49},"end":{"line":17,"column":64}},"6":{"start":{"line":18,"column":49},"end":{"line":18,"column":55}},"7":{"start":{"line":21,"column":4},"end":{"line":28,"column":6}},"8":{"start":{"line":22,"column":51},"end":{"line":22,"column":55}},"9":{"start":{"line":23,"column":54},"end":{"line":23,"column":69}},"10":{"start":{"line":24,"column":61},"end":{"line":24,"column":77}},"11":{"start":{"line":25,"column":51},"end":{"line":25,"column":68}},"12":{"start":{"line":26,"column":57},"end":{"line":26,"column":72}},"13":{"start":{"line":27,"column":64},"end":{"line":27,"column":80}},"14":{"start":{"line":34,"column":4},"end":{"line":34,"column":116}},"15":{"start":{"line":34,"column":66},"end":{"line":34,"column":115}},"16":{"start":{"line":36,"column":4},"end":{"line":38,"column":6}},"17":{"start":{"line":37,"column":8},"end":{"line":37,"column":76}},"18":{"start":{"line":40,"column":4},"end":{"line":77,"column":6}},"19":{"start":{"line":41,"column":8},"end":{"line":75,"column":11}},"20":{"start":{"line":42,"column":36},"end":{"line":42,"column":43}},"21":{"start":{"line":43,"column":33},"end":{"line":44,"column":null}},"22":{"start":{"line":44,"column":32},"end":{"line":44,"column":86}},"23":{"start":{"line":46,"column":12},"end":{"line":71,"column":null}},"24":{"start":{"line":47,"column":16},"end":{"line":70,"column":19}},"25":{"start":{"line":48,"column":20},"end":{"line":58,"column":null}},"26":{"start":{"line":49,"column":45},"end":{"line":49,"column":87}},"27":{"start":{"line":50,"column":24},"end":{"line":57,"column":null}},"28":{"start":{"line":51,"column":28},"end":{"line":53,"column":null}},"29":{"start":{"line":52,"column":32},"end":{"line":52,"column":106}},"30":{"start":{"line":54,"column":28},"end":{"line":56,"column":null}},"31":{"start":{"line":55,"column":32},"end":{"line":55,"column":108}},"32":{"start":{"line":59,"column":20},"end":{"line":69,"column":null}},"33":{"start":{"line":60,"column":45},"end":{"line":60,"column":88}},"34":{"start":{"line":61,"column":24},"end":{"line":68,"column":null}},"35":{"start":{"line":62,"column":28},"end":{"line":64,"column":null}},"36":{"start":{"line":63,"column":32},"end":{"line":63,"column":106}},"37":{"start":{"line":65,"column":28},"end":{"line":67,"column":null}},"38":{"start":{"line":66,"column":32},"end":{"line":66,"column":108}},"39":{"start":{"line":72,"column":31},"end":{"line":72,"column":71}},"40":{"start":{"line":73,"column":12},"end":{"line":73,"column":44}},"41":{"start":{"line":74,"column":12},"end":{"line":74,"column":30}},"42":{"start":{"line":76,"column":8},"end":{"line":76,"column":28}},"43":{"start":{"line":79,"column":4},"end":{"line":87,"column":6}},"44":{"start":{"line":80,"column":40},"end":{"line":80,"column":57}},"45":{"start":{"line":81,"column":8},"end":{"line":85,"column":null}},"46":{"start":{"line":81,"column":25},"end":{"line":81,"column":26}},"47":{"start":{"line":82,"column":12},"end":{"line":82,"column":76}},"48":{"start":{"line":83,"column":12},"end":{"line":83,"column":48}},"49":{"start":{"line":84,"column":12},"end":{"line":84,"column":63}},"50":{"start":{"line":86,"column":8},"end":{"line":86,"column":30}},"51":{"start":{"line":31,"column":8},"end":{"line":31,"column":31}},"52":{"start":{"line":32,"column":8},"end":{"line":32,"column":25}},"53":{"start":{"line":9,"column":0},"end":{"line":9,"column":21}}},"fnMap":{"0":{"name":"(anonymous_0)","decl":{"start":{"line":30,"column":4},"end":{"line":30,"column":16}},"loc":{"start":{"line":30,"column":48},"end":{"line":33,"column":5}}},"1":{"name":"(anonymous_1)","decl":{"start":{"line":14,"column":13},"end":{"line":14,"column":14}},"loc":{"start":{"line":14,"column":49},"end":{"line":14,"column":64}}},"2":{"name":"(anonymous_2)","decl":{"start":{"line":15,"column":13},"end":{"line":15,"column":14}},"loc":{"start":{"line":15,"column":49},"end":{"line":15,"column":64}}},"3":{"name":"(anonymous_3)","decl":{"start":{"line":16,"column":13},"end":{"line":16,"column":14}},"loc":{"start":{"line":16,"column":49},"end":{"line":16,"column":64}}},"4":{"name":"(anonymous_4)","decl":{"start":{"line":17,"column":13},"end":{"line":17,"column":14}},"loc":{"start":{"line":17,"column":49},"end":{"line":17,"column":64}}},"5":{"name":"(anonymous_5)","decl":{"start":{"line":18,"column":13},"end":{"line":18,"column":14}},"loc":{"start":{"line":18,"column":49},"end":{"line":18,"column":55}}},"6":{"name":"(anonymous_6)","decl":{"start":{"line":22,"column":15},"end":{"line":22,"column":16}},"loc":{"start":{"line":22,"column":51},"end":{"line":22,"column":55}}},"7":{"name":"(anonymous_7)","decl":{"start":{"line":23,"column":18},"end":{"line":23,"column":19}},"loc":{"start":{"line":23,"column":54},"end":{"line":23,"column":69}}},"8":{"name":"(anonymous_8)","decl":{"start":{"line":24,"column":25},"end":{"line":24,"column":26}},"loc":{"start":{"line":24,"column":61},"end":{"line":24,"column":77}}},"9":{"name":"(anonymous_9)","decl":{"start":{"line":25,"column":15},"end":{"line":25,"column":16}},"loc":{"start":{"line":25,"column":51},"end":{"line":25,"column":68}}},"10":{"name":"(anonymous_10)","decl":{"start":{"line":26,"column":21},"end":{"line":26,"column":22}},"loc":{"start":{"line":26,"column":57},"end":{"line":26,"column":72}}},"11":{"name":"(anonymous_11)","decl":{"start":{"line":27,"column":28},"end":{"line":27,"column":29}},"loc":{"start":{"line":27,"column":64},"end":{"line":27,"column":80}}},"12":{"name":"(anonymous_12)","decl":{"start":{"line":34,"column":18},"end":{"line":34,"column":19}},"loc":{"start":{"line":34,"column":66},"end":{"line":34,"column":115}}},"13":{"name":"(anonymous_13)","decl":{"start":{"line":36,"column":21},"end":{"line":36,"column":22}},"loc":{"start":{"line":36,"column":42},"end":{"line":38,"column":5}}},"14":{"name":"(anonymous_14)","decl":{"start":{"line":40,"column":18},"end":{"line":40,"column":21}},"loc":{"start":{"line":40,"column":23},"end":{"line":77,"column":5}}},"15":{"name":"(anonymous_15)","decl":{"start":{"line":41,"column":40},"end":{"line":41,"column":41}},"loc":{"start":{"line":41,"column":61},"end":{"line":75,"column":9}}},"16":{"name":"(anonymous_16)","decl":{"start":{"line":44,"column":16},"end":{"line":44,"column":17}},"loc":{"start":{"line":44,"column":32},"end":{"line":44,"column":86}}},"17":{"name":"(anonymous_17)","decl":{"start":{"line":47,"column":33},"end":{"line":47,"column":34}},"loc":{"start":{"line":47,"column":48},"end":{"line":70,"column":17}}},"18":{"name":"(anonymous_18)","decl":{"start":{"line":79,"column":20},"end":{"line":79,"column":21}},"loc":{"start":{"line":79,"column":37},"end":{"line":87,"column":5}}}},"branchMap":{"0":{"loc":{"start":{"line":46,"column":12},"end":{"line":71,"column":null}},"type":"if","locations":[{"start":{"line":46,"column":12},"end":{"line":71,"column":null}},{"start":{"line":46,"column":12},"end":{"line":71,"column":null}}]},"1":{"loc":{"start":{"line":48,"column":20},"end":{"line":58,"column":null}},"type":"if","locations":[{"start":{"line":48,"column":20},"end":{"line":58,"column":null}},{"start":{"line":48,"column":20},"end":{"line":58,"column":null}}]},"2":{"loc":{"start":{"line":50,"column":24},"end":{"line":57,"column":null}},"type":"if","locations":[{"start":{"line":50,"column":24},"end":{"line":57,"column":null}},{"start":{"line":50,"column":24},"end":{"line":57,"column":null}}]},"3":{"loc":{"start":{"line":51,"column":28},"end":{"line":53,"column":null}},"type":"if","locations":[{"start":{"line":51,"column":28},"end":{"line":53,"column":null}},{"start":{"line":51,"column":28},"end":{"line":53,"column":null}}]},"4":{"loc":{"start":{"line":54,"column":28},"end":{"line":56,"column":null}},"type":"if","locations":[{"start":{"line":54,"column":28},"end":{"line":56,"column":null}},{"start":{"line":54,"column":28},"end":{"line":56,"column":null}}]},"5":{"loc":{"start":{"line":59,"column":20},"end":{"line":69,"column":null}},"type":"if","locations":[{"start":{"line":59,"column":20},"end":{"line":69,"column":null}},{"start":{"line":59,"column":20},"end":{"line":69,"column":null}}]},"6":{"loc":{"start":{"line":61,"column":24},"end":{"line":68,"column":null}},"type":"if","locations":[{"start":{"line":61,"column":24},"end":{"line":68,"column":null}},{"start":{"line":61,"column":24},"end":{"line":68,"column":null}}]},"7":{"loc":{"start":{"line":62,"column":28},"end":{"line":64,"column":null}},"type":"if","locations":[{"start":{"line":62,"column":28},"end":{"line":64,"column":null}},{"start":{"line":62,"column":28},"end":{"line":64,"column":null}}]},"8":{"loc":{"start":{"line":65,"column":28},"end":{"line":67,"column":null}},"type":"if","locations":[{"start":{"line":65,"column":28},"end":{"line":67,"column":null}},{"start":{"line":65,"column":28},"end":{"line":67,"column":null}}]}},"s":{"0":1,"1":4,"2":201,"3":266,"4":1,"5":1,"6":131,"7":4,"8":224,"9":1,"10":352,"11":96,"12":256,"13":1,"14":4,"15":930,"16":4,"17":306,"18":4,"19":32,"20":288,"21":288,"22":5490,"23":288,"24":224,"25":930,"26":193,"27":193,"28":100,"29":99,"30":100,"31":1,"32":930,"33":737,"34":737,"35":500,"36":276,"37":500,"38":224,"39":288,"40":288,"41":288,"42":32,"43":4,"44":1,"45":1,"46":1,"47":30,"48":30,"49":30,"50":1,"51":4,"52":4,"53":1},"f":{"0":4,"1":201,"2":266,"3":1,"4":1,"5":131,"6":224,"7":1,"8":352,"9":96,"10":256,"11":1,"12":930,"13":306,"14":32,"15":288,"16":5490,"17":930,"18":1},"b":{"0":[224,64],"1":[193,737],"2":[100,93],"3":[99,1],"4":[1,99],"5":[737,193],"6":[500,237],"7":[276,224],"8":[224,276]}}
,"/Users/cristopherherrera/Documents/Dev/CO/src/models/Effect.ts": {"path":"/Users/cristopherherrera/Documents/Dev/CO/src/models/Effect.ts","statementMap":{"0":{"start":{"line":6,"column":8},"end":{"line":6,"column":27}},"1":{"start":{"line":7,"column":8},"end":{"line":7,"column":29}},"2":{"start":{"line":8,"column":8},"end":{"line":8,"column":35}},"3":{"start":{"line":1,"column":0},"end":{"line":1,"column":21}}},"fnMap":{"0":{"name":"(anonymous_0)","decl":{"start":{"line":5,"column":4},"end":{"line":5,"column":16}},"loc":{"start":{"line":5,"column":64},"end":{"line":9,"column":5}}}},"branchMap":{},"s":{"0":13,"1":13,"2":13,"3":3},"f":{"0":13},"b":{}}
,"/Users/cristopherherrera/Documents/Dev/CO/src/models/Product.ts": {"path":"/Users/cristopherherrera/Documents/Dev/CO/src/models/Product.ts","statementMap":{"0":{"start":{"line":6,"column":8},"end":{"line":6,"column":25}},"1":{"start":{"line":7,"column":8},"end":{"line":7,"column":27}},"2":{"start":{"line":8,"column":8},"end":{"line":8,"column":29}},"3":{"start":{"line":1,"column":0},"end":{"line":1,"column":21}}},"fnMap":{"0":{"name":"(anonymous_0)","decl":{"start":{"line":5,"column":4},"end":{"line":5,"column":16}},"loc":{"start":{"line":5,"column":59},"end":{"line":9,"column":5}}}},"branchMap":{},"s":{"0":325,"1":325,"2":325,"3":2},"f":{"0":325},"b":{}}
,"/Users/cristopherherrera/Documents/Dev/CO/src/models/Rule.ts": {"path":"/Users/cristopherherrera/Documents/Dev/CO/src/models/Rule.ts","statementMap":{"0":{"start":{"line":16,"column":4},"end":{"line":16,"column":21}},"1":{"start":{"line":17,"column":4},"end":{"line":17,"column":33}},"2":{"start":{"line":18,"column":4},"end":{"line":18,"column":41}},"3":{"start":{"line":19,"column":4},"end":{"line":19,"column":25}},"4":{"start":{"line":20,"column":4},"end":{"line":20,"column":25}},"5":{"start":{"line":3,"column":0},"end":{"line":3,"column":21}}},"fnMap":{"0":{"name":"(anonymous_0)","decl":{"start":{"line":9,"column":2},"end":{"line":9,"column":null}},"loc":{"start":{"line":14,"column":18},"end":{"line":21,"column":3}}}},"branchMap":{},"s":{"0":41,"1":41,"2":41,"3":41,"4":41,"5":2},"f":{"0":41},"b":{}}
}
