TN:
SF:/Users/cristopherherrera/Documents/Dev/CO/src/models/CarInsurance.ts
FN:30,(anonymous_0)
FN:14,(anonymous_1)
FN:15,(anonymous_2)
FN:16,(anonymous_3)
FN:17,(anonymous_4)
FN:18,(anonymous_5)
FN:22,(anonymous_6)
FN:23,(anonymous_7)
FN:24,(anonymous_8)
FN:25,(anonymous_9)
FN:26,(anonymous_10)
FN:27,(anonymous_11)
FN:34,(anonymous_12)
FN:36,(anonymous_13)
FN:40,(anonymous_14)
FN:41,(anonymous_15)
FN:44,(anonymous_16)
FN:47,(anonymous_17)
FN:79,(anonymous_18)
FNF:19
FNH:19
FNDA:4,(anonymous_0)
FNDA:201,(anonymous_1)
FNDA:266,(anonymous_2)
FNDA:1,(anonymous_3)
FNDA:1,(anonymous_4)
FNDA:131,(anonymous_5)
FNDA:224,(anonymous_6)
FNDA:1,(anonymous_7)
FNDA:352,(anonymous_8)
FNDA:96,(anonymous_9)
FNDA:256,(anonymous_10)
FNDA:1,(anonymous_11)
FNDA:930,(anonymous_12)
FNDA:306,(anonymous_13)
FNDA:32,(anonymous_14)
FNDA:288,(anonymous_15)
FNDA:5490,(anonymous_16)
FNDA:930,(anonymous_17)
FNDA:1,(anonymous_18)
DA:1,1
DA:9,1
DA:13,4
DA:14,201
DA:15,266
DA:16,1
DA:17,1
DA:18,131
DA:21,4
DA:22,224
DA:23,1
DA:24,352
DA:25,96
DA:26,256
DA:27,1
DA:31,4
DA:32,4
DA:34,930
DA:36,4
DA:37,306
DA:40,4
DA:41,32
DA:42,288
DA:43,288
DA:44,5490
DA:46,288
DA:47,224
DA:48,930
DA:49,193
DA:50,193
DA:51,100
DA:52,99
DA:54,100
DA:55,1
DA:59,930
DA:60,737
DA:61,737
DA:62,500
DA:63,276
DA:65,500
DA:66,224
DA:72,288
DA:73,288
DA:74,288
DA:76,32
DA:79,4
DA:80,1
DA:81,1
DA:82,30
DA:83,30
DA:84,30
DA:86,1
LF:52
LH:52
BRDA:46,0,0,224
BRDA:46,0,1,64
BRDA:48,1,0,193
BRDA:48,1,1,737
BRDA:50,2,0,100
BRDA:50,2,1,93
BRDA:51,3,0,99
BRDA:51,3,1,1
BRDA:54,4,0,1
BRDA:54,4,1,99
BRDA:59,5,0,737
BRDA:59,5,1,193
BRDA:61,6,0,500
BRDA:61,6,1,237
BRDA:62,7,0,276
BRDA:62,7,1,224
BRDA:65,8,0,224
BRDA:65,8,1,276
BRF:18
BRH:18
end_of_record
TN:
SF:/Users/cristopherherrera/Documents/Dev/CO/src/models/Effect.ts
FN:5,(anonymous_0)
FNF:1
FNH:1
FNDA:13,(anonymous_0)
DA:1,3
DA:6,13
DA:7,13
DA:8,13
LF:4
LH:4
BRF:0
BRH:0
end_of_record
TN:
SF:/Users/cristopherherrera/Documents/Dev/CO/src/models/Product.ts
FN:5,(anonymous_0)
FNF:1
FNH:1
FNDA:325,(anonymous_0)
DA:1,2
DA:6,325
DA:7,325
DA:8,325
LF:4
LH:4
BRF:0
BRH:0
end_of_record
TN:
SF:/Users/cristopherherrera/Documents/Dev/CO/src/models/Rule.ts
FN:9,(anonymous_0)
FNF:1
FNH:1
FNDA:41,(anonymous_0)
DA:3,2
DA:16,41
DA:17,41
DA:18,41
DA:19,41
DA:20,41
LF:6
LH:6
BRF:0
BRH:0
end_of_record
